\BOOKMARK [0][-]{chapter*.2}{\376\377\000P\000r\000e\000f\000a\000c\000e}{}% 1
\BOOKMARK [1][-]{section*.3}{\376\377\000A\000\040\000F\000r\000e\000e\000\040\000a\000n\000d\000\040\000O\000p\000e\000n\000-\000S\000o\000u\000r\000c\000e\000\040\000L\000i\000n\000e\000a\000r\000\040\000A\000l\000g\000e\000b\000r\000a\000\040\000T\000e\000x\000t}{chapter*.2}% 2
\BOOKMARK [1][-]{section*.4}{\376\377\000G\000o\000a\000l\000s}{chapter*.2}% 3
\BOOKMARK [1][-]{section*.5}{\376\377\000L\000a\000y\000o\000u\000t}{chapter*.2}% 4
\BOOKMARK [1][-]{section*.6}{\376\377\000O\000r\000g\000a\000n\000i\000z\000a\000t\000i\000o\000n}{chapter*.2}% 5
\BOOKMARK [1][-]{section*.7}{\376\377\000T\000o\000\040\000t\000h\000e\000\040\000I\000n\000s\000t\000r\000u\000c\000t\000o\000r}{chapter*.2}% 6
\BOOKMARK [1][-]{section*.8}{\376\377\000A\000c\000k\000n\000o\000w\000l\000e\000d\000g\000m\000e\000n\000t\000s}{chapter*.2}% 7
\BOOKMARK [1][-]{section*.9}{\376\377\000T\000o\000\040\000t\000h\000e\000\040\000S\000t\000u\000d\000e\000n\000t}{chapter*.2}% 8
\BOOKMARK [-1][-]{part.1}{\376\377\000I\000\040\000S\000e\000t\000s\000\040\000a\000n\000d\000\040\000F\000u\000n\000c\000t\000i\000o\000n\000s}{}% 9
\BOOKMARK [0][-]{chapter.1}{\376\377\000S\000e\000t\000s}{part.1}% 10
\BOOKMARK [1][-]{section*.10}{\376\377\000I\000n\000t\000r\000o\000d\000u\000c\000t\000i\000o\000n}{chapter.1}% 11
\BOOKMARK [1][-]{section*.11}{\376\377\000T\000h\000e\000\040\000B\000a\000s\000i\000c\000\040\000I\000d\000e\000a\000\040\000o\000f\000\040\000T\000o\000p\000o\000l\000o\000g\000y}{chapter.1}% 12
\BOOKMARK [1][-]{section*.12}{\376\377\000I\000n\000t\000e\000r\000v\000a\000l\000s}{chapter.1}% 13
\BOOKMARK [1][-]{section*.13}{\376\377\000U\000n\000i\000o\000n\000s\000,\000\040\000I\000n\000t\000e\000r\000s\000e\000c\000t\000i\000o\000n\000s\000,\000\040\000a\000n\000d\000\040\000C\000o\000m\000p\000l\000e\000m\000e\000n\000t\000s\000\040\000o\000f\000\040\000S\000e\000t\000s}{chapter.1}% 14
\BOOKMARK [1][-]{section*.15}{\376\377\000C\000a\000r\000t\000e\000s\000i\000a\000n\000\040\000P\000r\000o\000d\000u\000c\000t\000s\000\040\000o\000f\000\040\000S\000e\000t\000s}{chapter.1}% 15
\BOOKMARK [1][-]{section*.16}{\376\377\000S\000u\000m\000m\000a\000r\000y}{chapter.1}% 16
\BOOKMARK [1][-]{section*.17}{\376\377\000E\000x\000e\000r\000c\000i\000s\000e\000s}{chapter.1}% 17
\BOOKMARK [0][-]{chapter.2}{\376\377\000F\000u\000n\000c\000t\000i\000o\000n\000s}{part.1}% 18
\BOOKMARK [1][-]{section*.18}{\376\377\000I\000n\000t\000r\000o\000d\000u\000c\000t\000i\000o\000n}{chapter.2}% 19
\BOOKMARK [1][-]{section*.19}{\376\377\000C\000o\000m\000p\000o\000s\000i\000t\000e\000s\000\040\000o\000f\000\040\000F\000u\000n\000c\000t\000i\000o\000n\000s}{chapter.2}% 20
\BOOKMARK [1][-]{section*.20}{\376\377\000I\000n\000v\000e\000r\000s\000e\000\040\000F\000u\000n\000c\000t\000i\000o\000n\000s}{chapter.2}% 21
\BOOKMARK [1][-]{section*.21}{\376\377\000F\000u\000n\000c\000t\000i\000o\000n\000s\000\040\000a\000n\000d\000\040\000S\000e\000t\000s}{chapter.2}% 22
\BOOKMARK [1][-]{section*.22}{\376\377\000T\000h\000e\000\040\000C\000a\000r\000d\000i\000n\000a\000l\000i\000t\000y\000\040\000o\000f\000\040\000a\000\040\000S\000e\000t}{chapter.2}% 23
\BOOKMARK [1][-]{section*.23}{\376\377\000S\000u\000m\000m\000a\000r\000y}{chapter.2}% 24
\BOOKMARK [1][-]{section*.24}{\376\377\000E\000x\000e\000r\000c\000i\000s\000e\000s}{chapter.2}% 25
\BOOKMARK [-1][-]{part.2}{\376\377\000I\000I\000\040\000M\000e\000t\000r\000i\000c\000\040\000S\000p\000a\000c\000e\000s}{}% 26
\BOOKMARK [0][-]{chapter.3}{\376\377\000M\000e\000t\000r\000i\000c\000\040\000S\000p\000a\000c\000e\000s}{part.2}% 27
\BOOKMARK [1][-]{section*.26}{\376\377\000I\000n\000t\000r\000o\000d\000u\000c\000t\000i\000o\000n}{chapter.3}% 28
\BOOKMARK [1][-]{section*.29}{\376\377\000M\000e\000t\000r\000i\000c\000\040\000S\000p\000a\000c\000e\000s}{chapter.3}% 29
\BOOKMARK [1][-]{section*.32}{\376\377\000T\000h\000e\000\040\000E\000u\000c\000l\000i\000d\000e\000a\000n\000\040\000M\000e\000t\000r\000i\000c\000\040\000o\000n\000\040\000R\000n}{chapter.3}% 30
\BOOKMARK [1][-]{section*.33}{\376\377\000S\000u\000m\000m\000a\000r\000y}{chapter.3}% 31
\BOOKMARK [1][-]{section*.34}{\376\377\000E\000x\000e\000r\000c\000i\000s\000e\000s}{chapter.3}% 32
\BOOKMARK [0][-]{chapter.4}{\376\377\000A\000p\000p\000l\000i\000c\000a\000t\000i\000o\000n\000s\000\040\000o\000f\000\040\000M\000e\000t\000r\000i\000c\000\040\000S\000p\000a\000c\000e\000s}{part.2}% 33
\BOOKMARK [1][-]{section*.36}{\376\377\000I\000n\000t\000r\000o\000d\000u\000c\000t\000i\000o\000n}{chapter.4}% 34
\BOOKMARK [1][-]{section*.37}{\376\377\000T\000h\000e\000\040\000H\000a\000m\000m\000i\000n\000g\000\040\000M\000e\000t\000r\000i\000c}{chapter.4}% 35
\BOOKMARK [1][-]{section*.38}{\376\377\000T\000h\000e\000\040\000L\000e\000v\000e\000n\000s\000h\000t\000e\000i\000n\000\040\000M\000e\000t\000r\000i\000c}{chapter.4}% 36
\BOOKMARK [0][-]{chapter.5}{\376\377\000T\000h\000e\000\040\000G\000r\000e\000a\000t\000e\000s\000t\000\040\000L\000o\000w\000e\000r\000\040\000B\000o\000u\000n\000d}{part.2}% 37
\BOOKMARK [1][-]{section*.39}{\376\377\000I\000n\000t\000r\000o\000d\000u\000c\000t\000i\000o\000n}{chapter.5}% 38
\BOOKMARK [1][-]{section*.40}{\376\377\000T\000h\000e\000\040\000D\000i\000s\000t\000a\000n\000c\000e\000\040\000f\000r\000o\000m\000\040\000a\000\040\000P\000o\000i\000n\000t\000\040\000t\000o\000\040\000a\000\040\000S\000e\000t}{chapter.5}% 39
\BOOKMARK [1][-]{section*.41}{\376\377\000S\000u\000m\000m\000a\000r\000y}{chapter.5}% 40
\BOOKMARK [1][-]{section*.42}{\376\377\000E\000x\000e\000r\000c\000i\000s\000e\000s}{chapter.5}% 41
\BOOKMARK [0][-]{chapter.6}{\376\377\000C\000o\000n\000t\000i\000n\000u\000o\000u\000s\000\040\000F\000u\000n\000c\000t\000i\000o\000n\000s\000\040\000i\000n\000\040\000M\000e\000t\000r\000i\000c\000\040\000S\000p\000a\000c\000e\000s}{part.2}% 42
\BOOKMARK [1][-]{section*.43}{\376\377\000I\000n\000t\000r\000o\000d\000u\000c\000t\000i\000o\000n}{chapter.6}% 43
\BOOKMARK [1][-]{section*.45}{\376\377\000C\000o\000n\000t\000i\000n\000u\000o\000u\000s\000\040\000F\000u\000n\000c\000t\000i\000o\000n\000s\000\040\000B\000e\000t\000w\000e\000e\000n\000\040\000M\000e\000t\000r\000i\000c\000\040\000S\000p\000a\000c\000e\000s}{chapter.6}% 44
\BOOKMARK [1][-]{section*.46}{\376\377\000C\000o\000m\000p\000o\000s\000i\000t\000e\000s\000\040\000o\000f\000\040\000C\000o\000n\000t\000i\000n\000u\000o\000u\000s\000\040\000F\000u\000n\000c\000t\000i\000o\000n\000s}{chapter.6}% 45
\BOOKMARK [1][-]{section*.47}{\376\377\000S\000u\000m\000m\000a\000r\000y}{chapter.6}% 46
\BOOKMARK [1][-]{section*.48}{\376\377\000E\000x\000e\000r\000c\000i\000s\000e\000s}{chapter.6}% 47
\BOOKMARK [0][-]{chapter.7}{\376\377\000O\000p\000e\000n\000\040\000B\000a\000l\000l\000s\000\040\000a\000n\000d\000\040\000N\000e\000i\000g\000h\000b\000o\000r\000h\000o\000o\000d\000s\000\040\000i\000n\000\040\000M\000e\000t\000r\000i\000c\000\040\000S\000p\000a\000c\000e\000s}{part.2}% 48
\BOOKMARK [1][-]{section*.49}{\376\377\000I\000n\000t\000r\000o\000d\000u\000c\000t\000i\000o\000n}{chapter.7}% 49
\BOOKMARK [1][-]{section*.50}{\376\377\000N\000e\000i\000g\000h\000b\000o\000r\000h\000o\000o\000d\000s}{chapter.7}% 50
\BOOKMARK [1][-]{section*.52}{\376\377\000C\000o\000n\000t\000i\000n\000u\000i\000t\000y\000\040\000a\000n\000d\000\040\000N\000e\000i\000g\000h\000b\000o\000r\000h\000o\000o\000d\000s}{chapter.7}% 51
\BOOKMARK [1][-]{section*.53}{\376\377\000S\000u\000m\000m\000a\000r\000y}{chapter.7}% 52
\BOOKMARK [1][-]{section*.54}{\376\377\000E\000x\000e\000r\000c\000i\000s\000e\000s}{chapter.7}% 53
\BOOKMARK [0][-]{chapter.8}{\376\377\000O\000p\000e\000n\000\040\000S\000e\000t\000s\000\040\000i\000n\000\040\000M\000e\000t\000r\000i\000c\000\040\000S\000p\000a\000c\000e\000s}{part.2}% 54
\BOOKMARK [1][-]{section*.56}{\376\377\000I\000n\000t\000r\000o\000d\000u\000c\000t\000i\000o\000n}{chapter.8}% 55
\BOOKMARK [1][-]{section*.57}{\376\377\000O\000p\000e\000n\000\040\000S\000e\000t\000s}{chapter.8}% 56
\BOOKMARK [1][-]{section*.58}{\376\377\000U\000n\000i\000o\000n\000s\000\040\000a\000n\000d\000\040\000I\000n\000t\000e\000r\000s\000e\000c\000t\000i\000o\000n\000s\000\040\000o\000f\000\040\000O\000p\000e\000n\000\040\000S\000e\000t\000s}{chapter.8}% 57
\BOOKMARK [1][-]{section*.59}{\376\377\000C\000o\000n\000t\000i\000n\000u\000i\000t\000y\000\040\000a\000n\000d\000\040\000O\000p\000e\000n\000\040\000S\000e\000t\000s}{chapter.8}% 58
\BOOKMARK [1][-]{section*.60}{\376\377\000T\000h\000e\000\040\000I\000n\000t\000e\000r\000i\000o\000r\000\040\000o\000f\000\040\000a\000\040\000S\000e\000t}{chapter.8}% 59
\BOOKMARK [1][-]{section*.61}{\376\377\000S\000u\000m\000m\000a\000r\000y}{chapter.8}% 60
\BOOKMARK [1][-]{section*.62}{\376\377\000E\000x\000e\000r\000c\000i\000s\000e\000s}{chapter.8}% 61
\BOOKMARK [0][-]{chapter.9}{\376\377\000S\000e\000q\000u\000e\000n\000c\000e\000s\000\040\000i\000n\000\040\000M\000e\000t\000r\000i\000c\000\040\000S\000p\000a\000c\000e\000s}{part.2}% 62
\BOOKMARK [1][-]{section*.63}{\376\377\000I\000n\000t\000r\000o\000d\000u\000c\000t\000i\000o\000n}{chapter.9}% 63
\BOOKMARK [1][-]{section*.65}{\376\377\000S\000e\000q\000u\000e\000n\000c\000e\000s\000\040\000a\000n\000d\000\040\000C\000o\000n\000t\000i\000n\000u\000i\000t\000y\000\040\000i\000n\000\040\000M\000e\000t\000r\000i\000c\000\040\000S\000p\000a\000c\000e\000s}{chapter.9}% 64
\BOOKMARK [1][-]{section*.66}{\376\377\000S\000u\000m\000m\000a\000r\000y}{chapter.9}% 65
\BOOKMARK [1][-]{section*.67}{\376\377\000E\000x\000e\000r\000c\000i\000s\000e\000s}{chapter.9}% 66
\BOOKMARK [0][-]{chapter.10}{\376\377\000C\000l\000o\000s\000e\000d\000\040\000S\000e\000t\000s\000\040\000i\000n\000\040\000M\000e\000t\000r\000i\000c\000\040\000S\000p\000a\000c\000e\000s}{part.2}% 67
\BOOKMARK [1][-]{section*.68}{\376\377\000I\000n\000t\000r\000o\000d\000u\000c\000t\000i\000o\000n}{chapter.10}% 68
\BOOKMARK [1][-]{section*.69}{\376\377\000C\000l\000o\000s\000e\000d\000\040\000S\000e\000t\000s\000\040\000i\000n\000\040\000M\000e\000t\000r\000i\000c\000\040\000S\000p\000a\000c\000e\000s}{chapter.10}% 69
\BOOKMARK [1][-]{section*.70}{\376\377\000C\000o\000n\000t\000i\000n\000u\000i\000t\000y\000\040\000a\000n\000d\000\040\000C\000l\000o\000s\000e\000d\000\040\000S\000e\000t\000s}{chapter.10}% 70
\BOOKMARK [1][-]{section*.71}{\376\377\000L\000i\000m\000i\000t\000\040\000P\000o\000i\000n\000t\000s\000,\000\040\000B\000o\000u\000n\000d\000a\000r\000y\000\040\000P\000o\000i\000n\000t\000s\000,\000\040\000I\000s\000o\000l\000a\000t\000e\000d\000\040\000P\000o\000i\000n\000t\000s\000,\000\040\000a\000n\000d\000\040\000S\000e\000q\000u\000e\000n\000c\000e\000s}{chapter.10}% 71
\BOOKMARK [1][-]{section*.72}{\376\377\000L\000i\000m\000i\000t\000\040\000P\000o\000i\000n\000t\000s\000\040\000a\000n\000d\000\040\000C\000l\000o\000s\000e\000d\000\040\000S\000e\000t\000s}{chapter.10}% 72
\BOOKMARK [1][-]{section*.73}{\376\377\000T\000h\000e\000\040\000C\000l\000o\000s\000u\000r\000e\000\040\000o\000f\000\040\000a\000\040\000S\000e\000t}{chapter.10}% 73
\BOOKMARK [1][-]{section*.74}{\376\377\000C\000l\000o\000s\000e\000d\000\040\000S\000e\000t\000s\000\040\000a\000n\000d\000\040\000L\000i\000m\000i\000t\000s\000\040\000o\000f\000\040\000S\000e\000q\000u\000e\000n\000c\000e\000s}{chapter.10}% 74
\BOOKMARK [1][-]{section*.75}{\376\377\000S\000u\000m\000m\000a\000r\000y}{chapter.10}% 75
\BOOKMARK [1][-]{section*.76}{\376\377\000E\000x\000e\000r\000c\000i\000s\000e\000s}{chapter.10}% 76
\BOOKMARK [0][-]{chapter.11}{\376\377\000S\000u\000b\000s\000p\000a\000c\000e\000s\000\040\000a\000n\000d\000\040\000P\000r\000o\000d\000u\000c\000t\000s\000\040\000o\000f\000\040\000M\000e\000t\000r\000i\000c\000\040\000S\000p\000a\000c\000e\000s}{part.2}% 77
\BOOKMARK [1][-]{section*.77}{\376\377\000I\000n\000t\000r\000o\000d\000u\000c\000t\000i\000o\000n}{chapter.11}% 78
\BOOKMARK [1][-]{section*.78}{\376\377\000O\000p\000e\000n\000\040\000a\000n\000d\000\040\000C\000l\000o\000s\000e\000d\000\040\000S\000e\000t\000s\000\040\000i\000n\000\040\000S\000u\000b\000s\000p\000a\000c\000e\000s}{chapter.11}% 79
\BOOKMARK [1][-]{section*.79}{\376\377\000P\000r\000o\000d\000u\000c\000t\000s\000\040\000o\000f\000\040\000M\000e\000t\000r\000i\000c\000\040\000S\000p\000a\000c\000e\000s}{chapter.11}% 80
\BOOKMARK [1][-]{section*.80}{\376\377\000S\000u\000m\000m\000a\000r\000y}{chapter.11}% 81
\BOOKMARK [1][-]{section*.81}{\376\377\000E\000x\000e\000r\000c\000i\000s\000e\000s}{chapter.11}% 82
\BOOKMARK [-1][-]{part.3}{\376\377\000I\000I\000I\000\040\000T\000o\000p\000o\000l\000o\000g\000i\000c\000a\000l\000\040\000S\000p\000a\000c\000e\000s}{}% 83
\BOOKMARK [0][-]{chapter.12}{\376\377\000T\000o\000p\000o\000l\000o\000g\000i\000c\000a\000l\000\040\000S\000p\000a\000c\000e\000s}{part.3}% 84
\BOOKMARK [1][-]{section*.82}{\376\377\000I\000n\000t\000r\000o\000d\000u\000c\000t\000i\000o\000n}{chapter.12}% 85
\BOOKMARK [1][-]{section*.83}{\376\377\000E\000x\000a\000m\000p\000l\000e\000s\000\040\000o\000f\000\040\000T\000o\000p\000o\000l\000o\000g\000i\000e\000s}{chapter.12}% 86
\BOOKMARK [1][-]{section*.84}{\376\377\000B\000a\000s\000e\000s\000\040\000f\000o\000r\000\040\000T\000o\000p\000o\000l\000o\000g\000i\000e\000s}{chapter.12}% 87
\BOOKMARK [1][-]{section*.85}{\376\377\000M\000e\000t\000r\000i\000c\000\040\000S\000p\000a\000c\000e\000s\000\040\000a\000n\000d\000\040\000T\000o\000p\000o\000l\000o\000g\000i\000c\000a\000l\000\040\000S\000p\000a\000c\000e\000s}{chapter.12}% 88
\BOOKMARK [1][-]{section*.86}{\376\377\000N\000e\000i\000g\000h\000b\000o\000r\000h\000o\000o\000d\000s\000\040\000i\000n\000\040\000T\000o\000p\000o\000l\000o\000g\000i\000c\000a\000l\000\040\000S\000p\000a\000c\000e\000s}{chapter.12}% 89
\BOOKMARK [1][-]{section*.87}{\376\377\000T\000h\000e\000\040\000I\000n\000t\000e\000r\000i\000o\000r\000\040\000o\000f\000\040\000a\000\040\000S\000e\000t\000\040\000i\000n\000\040\000a\000\040\000T\000o\000p\000o\000l\000o\000g\000i\000c\000a\000l\000\040\000S\000p\000a\000c\000e}{chapter.12}% 90
\BOOKMARK [1][-]{section*.88}{\376\377\000S\000u\000m\000m\000a\000r\000y}{chapter.12}% 91
\BOOKMARK [1][-]{section*.89}{\376\377\000E\000x\000e\000r\000c\000i\000s\000e\000s}{chapter.12}% 92
\BOOKMARK [0][-]{chapter.13}{\376\377\000C\000l\000o\000s\000e\000d\000\040\000S\000e\000t\000s\000\040\000i\000n\000\040\000T\000o\000p\000o\000l\000o\000g\000i\000c\000a\000l\000\040\000S\000p\000a\000c\000e\000s}{part.3}% 93
\BOOKMARK [1][-]{section*.91}{\376\377\000I\000n\000t\000r\000o\000d\000u\000c\000t\000i\000o\000n}{chapter.13}% 94
\BOOKMARK [1][-]{section*.92}{\376\377\000U\000n\000i\000o\000n\000s\000\040\000a\000n\000d\000\040\000I\000n\000t\000e\000r\000s\000e\000c\000t\000i\000o\000n\000s\000\040\000o\000f\000\040\000C\000l\000o\000s\000e\000d\000\040\000S\000e\000t\000s}{chapter.13}% 95
\BOOKMARK [1][-]{section*.93}{\376\377\000L\000i\000m\000i\000t\000\040\000P\000o\000i\000n\000t\000s\000\040\000a\000n\000d\000\040\000S\000e\000q\000u\000e\000n\000c\000e\000s\000\040\000i\000n\000\040\000T\000o\000p\000o\000l\000o\000g\000i\000c\000a\000l\000\040\000S\000p\000a\000c\000e\000s}{chapter.13}% 96
\BOOKMARK [1][-]{section*.94}{\376\377\000C\000l\000o\000s\000u\000r\000e\000\040\000i\000n\000\040\000T\000o\000p\000o\000l\000o\000g\000i\000c\000a\000l\000\040\000S\000p\000a\000c\000e\000s}{chapter.13}% 97
\BOOKMARK [1][-]{section*.95}{\376\377\000T\000h\000e\000\040\000B\000o\000u\000n\000d\000a\000r\000y\000\040\000o\000f\000\040\000a\000\040\000S\000e\000t}{chapter.13}% 98
\BOOKMARK [1][-]{section*.96}{\376\377\000S\000e\000p\000a\000r\000a\000t\000i\000o\000n\000\040\000A\000x\000i\000o\000m\000s}{chapter.13}% 99
\BOOKMARK [1][-]{section*.97}{\376\377\000S\000u\000m\000m\000a\000r\000y}{chapter.13}% 100
\BOOKMARK [1][-]{section*.98}{\376\377\000E\000x\000e\000r\000c\000i\000s\000e\000s}{chapter.13}% 101
\BOOKMARK [0][-]{chapter.14}{\376\377\000C\000o\000n\000t\000i\000n\000u\000i\000t\000y\000\040\000a\000n\000d\000\040\000H\000o\000m\000e\000o\000m\000o\000r\000p\000h\000i\000s\000m\000s}{part.3}% 102
\BOOKMARK [1][-]{section*.99}{\376\377\000I\000n\000t\000r\000o\000d\000u\000c\000t\000i\000o\000n}{chapter.14}% 103
\BOOKMARK [1][-]{section*.100}{\376\377\000M\000e\000t\000r\000i\000c\000\040\000E\000q\000u\000i\000v\000a\000l\000e\000n\000c\000e}{chapter.14}% 104
\BOOKMARK [1][-]{section*.102}{\376\377\000T\000o\000p\000o\000l\000o\000g\000i\000c\000a\000l\000\040\000E\000q\000u\000i\000v\000a\000l\000e\000n\000c\000e}{chapter.14}% 105
\BOOKMARK [1][-]{section*.103}{\376\377\000R\000e\000l\000a\000t\000i\000o\000n\000s}{chapter.14}% 106
\BOOKMARK [1][-]{section*.104}{\376\377\000T\000o\000p\000o\000l\000o\000g\000i\000c\000a\000l\000\040\000I\000n\000v\000a\000r\000i\000a\000n\000t\000s}{chapter.14}% 107
\BOOKMARK [1][-]{section*.105}{\376\377\000S\000u\000m\000m\000a\000r\000y}{chapter.14}% 108
\BOOKMARK [1][-]{section*.106}{\376\377\000E\000x\000e\000r\000c\000i\000s\000e\000s}{chapter.14}% 109
\BOOKMARK [0][-]{chapter.15}{\376\377\000S\000u\000b\000s\000p\000a\000c\000e\000s}{part.3}% 110
\BOOKMARK [1][-]{section*.107}{\376\377\000I\000n\000t\000r\000o\000d\000u\000c\000t\000i\000o\000n}{chapter.15}% 111
\BOOKMARK [1][-]{section*.109}{\376\377\000T\000h\000e\000\040\000S\000u\000b\000s\000p\000a\000c\000e\000\040\000T\000o\000p\000o\000l\000o\000g\000y}{chapter.15}% 112
\BOOKMARK [1][-]{section*.110}{\376\377\000B\000a\000s\000e\000s\000\040\000f\000o\000r\000\040\000S\000u\000b\000s\000p\000a\000c\000e\000s}{chapter.15}% 113
\BOOKMARK [1][-]{section*.111}{\376\377\000O\000p\000e\000n\000\040\000I\000n\000t\000e\000r\000v\000a\000l\000s\000\040\000a\000n\000d\000\040\000R}{chapter.15}% 114
\BOOKMARK [1][-]{section*.112}{\376\377\000S\000u\000m\000m\000a\000r\000y}{chapter.15}% 115
\BOOKMARK [1][-]{section*.113}{\376\377\000E\000x\000e\000r\000c\000i\000s\000e\000s}{chapter.15}% 116
\BOOKMARK [0][-]{chapter.16}{\376\377\000Q\000u\000o\000t\000i\000e\000n\000t\000\040\000S\000p\000a\000c\000e\000s}{part.3}% 117
\BOOKMARK [1][-]{section*.114}{\376\377\000I\000n\000t\000r\000o\000d\000u\000c\000t\000i\000o\000n}{chapter.16}% 118
\BOOKMARK [1][-]{section*.115}{\376\377\000T\000h\000e\000\040\000Q\000u\000o\000t\000i\000e\000n\000t\000\040\000T\000o\000p\000o\000l\000o\000g\000y}{chapter.16}% 119
\BOOKMARK [1][-]{section*.116}{\376\377\000Q\000u\000o\000t\000i\000e\000n\000t\000\040\000S\000p\000a\000c\000e\000s}{chapter.16}% 120
\BOOKMARK [1][-]{section*.121}{\376\377\000I\000d\000e\000n\000t\000i\000f\000y\000i\000n\000g\000\040\000Q\000u\000o\000t\000i\000e\000n\000t\000\040\000S\000p\000a\000c\000e\000s}{chapter.16}% 121
\BOOKMARK [1][-]{section*.123}{\376\377\000S\000u\000m\000m\000a\000r\000y}{chapter.16}% 122
\BOOKMARK [1][-]{section*.124}{\376\377\000E\000x\000e\000r\000c\000i\000s\000e\000s}{chapter.16}% 123
\BOOKMARK [0][-]{chapter.17}{\376\377\000C\000o\000m\000p\000a\000c\000t\000\040\000S\000p\000a\000c\000e\000s}{part.3}% 124
\BOOKMARK [1][-]{section*.128}{\376\377\000I\000n\000t\000r\000o\000d\000u\000c\000t\000i\000o\000n}{chapter.17}% 125
\BOOKMARK [1][-]{section*.129}{\376\377\000C\000o\000m\000p\000a\000c\000t\000n\000e\000s\000s\000\040\000a\000n\000d\000\040\000C\000o\000n\000t\000i\000n\000u\000i\000t\000y}{chapter.17}% 126
\BOOKMARK [1][-]{section*.130}{\376\377\000C\000o\000m\000p\000a\000c\000t\000\040\000S\000u\000b\000s\000e\000t\000s\000\040\000o\000f\000\040\000R\000n}{chapter.17}% 127
\BOOKMARK [1][-]{section*.133}{\376\377\000A\000n\000\040\000A\000p\000p\000l\000i\000c\000a\000t\000i\000o\000n\000\040\000o\000f\000\040\000C\000o\000m\000p\000a\000c\000t\000n\000e\000s\000s}{chapter.17}% 128
\BOOKMARK [1][-]{section*.134}{\376\377\000S\000u\000m\000m\000a\000r\000y}{chapter.17}% 129
\BOOKMARK [1][-]{section*.135}{\376\377\000E\000x\000e\000r\000c\000i\000s\000e\000s}{chapter.17}% 130
\BOOKMARK [1][-]{section*.136}{\376\377\000A\000n\000\040\000A\000p\000p\000l\000i\000c\000a\000t\000i\000o\000n\000\040\000o\000f\000\040\000C\000o\000m\000p\000a\000c\000t\000n\000e\000s\000s\000:\000\040\000F\000r\000a\000c\000t\000a\000l\000s}{chapter.17}% 131
\BOOKMARK [0][-]{chapter.18}{\376\377\000C\000o\000n\000n\000e\000c\000t\000e\000d\000\040\000S\000p\000a\000c\000e\000s}{part.3}% 132
\BOOKMARK [1][-]{section*.139}{\376\377\000I\000n\000t\000r\000o\000d\000u\000c\000t\000i\000o\000n}{chapter.18}% 133
\BOOKMARK [1][-]{section*.140}{\376\377\000C\000o\000n\000n\000e\000c\000t\000e\000d\000\040\000S\000e\000t\000s}{chapter.18}% 134
\BOOKMARK [1][-]{section*.141}{\376\377\000C\000o\000n\000n\000e\000c\000t\000e\000d\000\040\000S\000u\000b\000s\000e\000t\000s\000\040\000o\000f\000\040\000R}{chapter.18}% 135
\BOOKMARK [1][-]{section*.142}{\376\377\000C\000o\000m\000p\000o\000n\000e\000n\000t\000s}{chapter.18}% 136
\BOOKMARK [1][-]{section*.143}{\376\377\000C\000u\000t\000\040\000S\000e\000t\000s}{chapter.18}% 137
\BOOKMARK [1][-]{section*.145}{\376\377\000T\000h\000e\000\040\000I\000n\000t\000e\000r\000m\000e\000d\000i\000a\000t\000e\000\040\000V\000a\000l\000u\000e\000\040\000T\000h\000e\000o\000r\000e\000m\000\040\000a\000n\000d\000\040\000a\000\040\000F\000i\000x\000e\000d\000\040\000P\000o\000i\000n\000t\000\040\000T\000h\000e\000o\000r\000e\000m}{chapter.18}% 138
\BOOKMARK [1][-]{section*.146}{\376\377\000S\000u\000m\000m\000a\000r\000y}{chapter.18}% 139
\BOOKMARK [1][-]{section*.147}{\376\377\000E\000x\000e\000r\000c\000i\000s\000e\000s}{chapter.18}% 140
\BOOKMARK [0][-]{chapter.19}{\376\377\000P\000a\000t\000h\000\040\000C\000o\000n\000n\000e\000c\000t\000e\000d\000\040\000S\000p\000a\000c\000e\000s}{part.3}% 141
\BOOKMARK [1][-]{section*.148}{\376\377\000I\000n\000t\000r\000o\000d\000u\000c\000t\000i\000o\000n}{chapter.19}% 142
\BOOKMARK [1][-]{section*.149}{\376\377\000P\000a\000t\000h\000\040\000C\000o\000n\000n\000e\000c\000t\000e\000d\000n\000e\000s\000s}{chapter.19}% 143
\BOOKMARK [1][-]{section*.150}{\376\377\000P\000a\000t\000h\000\040\000C\000o\000n\000n\000e\000c\000t\000e\000d\000n\000e\000s\000s\000\040\000a\000s\000\040\000a\000n\000\040\000E\000q\000u\000i\000v\000a\000l\000e\000n\000c\000e\000\040\000R\000e\000l\000a\000t\000i\000o\000n}{chapter.19}% 144
\BOOKMARK [1][-]{section*.153}{\376\377\000P\000a\000t\000h\000\040\000C\000o\000n\000n\000e\000c\000t\000e\000d\000n\000e\000s\000s\000\040\000a\000n\000d\000\040\000C\000o\000n\000n\000e\000c\000t\000e\000d\000n\000e\000s\000s}{chapter.19}% 145
\BOOKMARK [1][-]{section*.154}{\376\377\000P\000a\000t\000h\000\040\000C\000o\000n\000n\000e\000c\000t\000e\000d\000n\000e\000s\000s\000\040\000a\000n\000d\000\040\000C\000o\000n\000n\000e\000c\000t\000e\000d\000n\000e\000s\000s\000\040\000i\000n\000\040\000F\000i\000n\000i\000t\000e\000\040\000T\000o\000p\000o\000l\000o\000g\000i\000c\000a\000l\000\040\000S\000p\000a\000c\000e\000s}{chapter.19}% 146
\BOOKMARK [1][-]{section*.155}{\376\377\000P\000a\000t\000h\000\040\000C\000o\000n\000n\000e\000c\000t\000e\000d\000n\000e\000s\000s\000\040\000a\000n\000d\000\040\000C\000o\000n\000n\000e\000c\000t\000e\000d\000n\000e\000s\000s\000\040\000i\000n\000\040\000I\000n\000f\000i\000n\000i\000t\000e\000\040\000T\000o\000p\000o\000l\000o\000g\000i\000c\000a\000l\000\040\000S\000p\000a\000c\000e\000s}{chapter.19}% 147
\BOOKMARK [1][-]{section*.158}{\376\377\000S\000u\000m\000m\000a\000r\000y}{chapter.19}% 148
\BOOKMARK [1][-]{section*.159}{\376\377\000E\000x\000e\000r\000c\000i\000s\000e\000s}{chapter.19}% 149
\BOOKMARK [0][-]{chapter.20}{\376\377\000P\000r\000o\000d\000u\000c\000t\000s\000\040\000o\000f\000\040\000T\000o\000p\000o\000l\000o\000g\000i\000c\000a\000l\000\040\000S\000p\000a\000c\000e\000s}{part.3}% 150
\BOOKMARK [1][-]{section*.161}{\376\377\000I\000n\000t\000r\000o\000d\000u\000c\000t\000i\000o\000n}{chapter.20}% 151
\BOOKMARK [1][-]{section*.162}{\376\377\000T\000h\000e\000\040\000T\000o\000p\000o\000l\000o\000g\000y\000\040\000o\000n\000\040\000a\000\040\000P\000r\000o\000d\000u\000c\000t\000\040\000o\000f\000\040\000T\000o\000p\000o\000l\000o\000g\000i\000c\000a\000l\000\040\000S\000p\000a\000c\000e\000s}{chapter.20}% 152
\BOOKMARK [1][-]{section*.163}{\376\377\000T\000h\000r\000e\000e\000\040\000E\000x\000a\000m\000p\000l\000e\000s}{chapter.20}% 153
\BOOKMARK [1][-]{section*.164}{\376\377\000P\000r\000o\000j\000e\000c\000t\000i\000o\000n\000s\000\040\000a\000n\000d\000\040\000C\000o\000n\000t\000i\000n\000u\000o\000u\000s\000\040\000F\000u\000n\000c\000t\000i\000o\000n\000s\000\040\000o\000n\000\040\000P\000r\000o\000d\000u\000c\000t\000s}{chapter.20}% 154
\BOOKMARK [1][-]{section*.165}{\376\377\000P\000r\000o\000p\000e\000r\000t\000i\000e\000s\000\040\000o\000f\000\040\000P\000r\000o\000d\000u\000c\000t\000s\000\040\000o\000f\000\040\000T\000o\000p\000o\000l\000o\000g\000i\000c\000a\000l\000\040\000S\000p\000a\000c\000e\000s}{chapter.20}% 155
\BOOKMARK [1][-]{section*.166}{\376\377\000S\000u\000m\000m\000a\000r\000y}{chapter.20}% 156
\BOOKMARK [1][-]{section*.167}{\376\377\000E\000x\000e\000r\000c\000i\000s\000e\000s}{chapter.20}% 157
\BOOKMARK [1][-]{section*.168}{\376\377\000A\000p\000p\000l\000i\000c\000a\000t\000i\000o\000n\000s\000\040\000o\000f\000\040\000P\000r\000o\000d\000u\000c\000t\000s\000\040\000o\000f\000\040\000T\000o\000p\000o\000l\000o\000g\000i\000c\000a\000l\000\040\000S\000p\000a\000c\000e\000s}{chapter.20}% 158
